
Showing logs for build [32mcb-kubecd-environment-pr-205-18-n7245-1[0m stage [32mfrom-build-pack[0m and container [32mstep-credential-initializer-qrwnv[0m
{"level":"info","ts":1587208823.5454574,"logger":"fallback-logger","caller":"logging/config.go:69","msg":"Fetch GitHub commit ID from kodata failed: open /var/run/ko/refs/heads/0.8.0-ns-support: no such file or directory"}
{"level":"info","ts":1587208823.5461948,"logger":"fallback-logger","caller":"creds-init/main.go:40","msg":"Credentials initialized."}

Showing logs for build [32mcb-kubecd-environment-pr-205-18-n7245-1[0m stage [32mfrom-build-pack[0m and container [32mstep-working-dir-initializer-g95rg[0m
{"level":"info","ts":1587208823.9815779,"logger":"fallback-logger","caller":"logging/config.go:69","msg":"Fetch GitHub commit ID from kodata failed: open /var/run/ko/HEAD: no such file or directory"}
{"level":"info","ts":1587208823.9833107,"logger":"fallback-logger","caller":"bash/main.go:64","msg":"Successfully executed command \"sh -c mkdir -p /workspace/source\"; output "}

Showing logs for build [32mcb-kubecd-environment-pr-205-18-n7245-1[0m stage [32mfrom-build-pack[0m and container [32mstep-place-tools[0m

Showing logs for build [32mcb-kubecd-environment-pr-205-18-n7245-1[0m stage [32mfrom-build-pack[0m and container [32mstep-git-source-cb-kubecd-environment-pr-205-18-n7245-mbvdg[0m
{"level":"info","ts":1587208828.1063306,"logger":"fallback-logger","caller":"logging/config.go:69","msg":"Fetch GitHub commit ID from kodata failed: open /var/run/ko/refs/heads/0.8.0-ns-support: no such file or directory"}
{"level":"info","ts":1587208829.197552,"logger":"fallback-logger","caller":"git/git.go:103","msg":"Successfully cloned https://github.com/cb-kubecd/environment-pr-205-18-boot-vault-gke-staging.git @ master in path /workspace/source"}

Showing logs for build [32mcb-kubecd-environment-pr-205-18-n7245-1[0m stage [32mfrom-build-pack[0m and container [32mstep-git-merge[0m
Using SHAs from PULL_REFS=master:a1ffabd56bd9a9a678185115ff02ab3cd1df199b,3:8a9d899d0fd60a82fe2002f959b92c8669721096
DEBUG: LC_ALL=C JX_LOG_LEVEL=error git fetch origin --unshallow 8a9d899d0fd60a82fe2002f959b92c8669721096: a1ffabd56bd9a9a678185115ff02ab3cd1df199b:
DEBUG: ran git fetch --unshallow origin 8a9d899d0fd60a82fe2002f959b92c8669721096: a1ffabd56bd9a9a678185115ff02ab3cd1df199b: in 
DEBUG: LC_ALL=C JX_LOG_LEVEL=error git branch
DEBUG: LC_ALL=C JX_LOG_LEVEL=error git checkout master
DEBUG: ran git checkout master in 
DEBUG: JX_LOG_LEVEL=error LC_ALL=C git reset --hard a1ffabd56bd9a9a678185115ff02ab3cd1df199b
DEBUG: ran git reset --hard a1ffabd56bd9a9a678185115ff02ab3cd1df199b in 
DEBUG: LC_ALL=C JX_LOG_LEVEL=error git clean -fd .
DEBUG: ran clean --force -d . in 
DEBUG: LC_ALL=C JX_LOG_LEVEL=error git merge 8a9d899d0fd60a82fe2002f959b92c8669721096
DEBUG: ran git merge 8a9d899d0fd60a82fe2002f959b92c8669721096 in 
DEBUG: LC_ALL=C JX_LOG_LEVEL=error git log --format=%H%x1f%an%x1f%ae%x1f%cn%x1f%ce%x1f%s%n%b%x1e a1ffabd56bd9a9a678185115ff02ab3cd1df199b..HEAD
Merged SHA 8a9d899d0fd60a82fe2002f959b92c8669721096 with commit message 'chore: Promote bdd-nh-1587207403 to version 0.0.1' into base branch master

Showing logs for build [32mcb-kubecd-environment-pr-205-18-n7245-1[0m stage [32mfrom-build-pack[0m and container [32mstep-build-helm-build[0m
WARNING: No $CHART_REPOSITORY defined so using the default value of: http://jenkins-x-chartmuseum:8080
Adding missing Helm repo: storage.googleapis.com https://storage.googleapis.com/chartmuseum.jenkins-x.io
WARNING: No secrets found on "helm/repos" due: reading the secret "helm/repos" from vault: no secret "helm/repos" not found in vault
Read credentials for https://storage.googleapis.com/chartmuseum.jenkins-x.io from vault helm/repos
Successfully added Helm repository storage.googleapis.com.
Adding missing Helm repo: jenkins-x-chartmuseum http://jenkins-x-chartmuseum:8080
WARNING: No secrets found on "helm/repos" due: reading the secret "helm/repos" from vault: no secret "helm/repos" not found in vault
Read credentials for http://jenkins-x-chartmuseum:8080 from vault helm/repos
Successfully added Helm repository jenkins-x-chartmuseum.
WARNING: No $CHART_REPOSITORY defined so using the default value of: http://jenkins-x-chartmuseum:8080
Adding missing Helm repo: chartmuseum.jenkins-x.io http://chartmuseum.jenkins-x.io
WARNING: No secrets found on "helm/repos" due: reading the secret "helm/repos" from vault: no secret "helm/repos" not found in vault
Read credentials for http://chartmuseum.jenkins-x.io from vault helm/repos
Successfully added Helm repository chartmuseum.jenkins-x.io.
